[18:27:29.834] HUD v2.0 Injetado: https://mines.h-z-9-a.com/mines?gameMode=mines&apiUrl=api.h-z-9-a.com&currency=BRL&operator=test&jurisdiction=CW&lang=pt&return_url=https://55qq2.com/launch&user=4273537843&token=v1~tJ13e818CqHwZhwW1yvkYhPIPFDxkd-PlhnUJW0o-tSPAQfHQcmoJyPo-p0G40ALzP7Z8lbG_67IxTf4rNYuPWHnEQ-5s&apihost=h-z-9-a.com&gid=3&tid=3022708&uid=5-sDAqVW_CDlMP0PrZtux2l2xHaF8kEIn2F-nLsm8IdQi9A4Pccuc-DMfWyum41oyehkElOa-oWdyE4FJLeUXx3vBL7ptrIt6wbYKvuC0wTvzW4bD4Fa_fNI7_GokCEDJ4aQvGAnHa-RDOey68vCRZK2cEadZFAIBA9sexrwmLnNpoxY7eMmlgkpU2OJVAxqn-YgTXYcaklSpoOvRFH-34JI-vqQ&x-tid=3022708&gdid=6675&vv=31f85f7
[18:27:31.154] BOMBAS_DETEC: [0, 17, 13] (Size: 2058)
[18:27:44.949] BOMBAS_DETEC: [21] (Size: 161)
[18:27:47.944] BOMBAS_DETEC: [23] (Size: 161)
[18:27:52.874] BOMBAS_DETEC: [22] (Size: 161)
[18:28:01.463] BOMBAS_DETEC: [2, 3, 6, 11] (Size: 378)
[18:28:11.291] BOMBAS_DETEC: [21] (Size: 161)
[18:28:13.222] BOMBAS_DETEC: [23, 6, 7, 9, 23] (Size: 501)
[18:28:31.509] BOMBAS_DETEC: [24, 6, 15, 17, 24] (Size: 501)
[18:28:40.228] BOMBAS_DETEC: [22] (Size: 161)
[18:28:43.131] BOMBAS_DETEC: [9, 11, 13, 18] (Size: 378)
[18:28:50.672] BOMBAS_DETEC: [21] (Size: 161)
[18:29:19.541] BOMBAS_DETEC: [22] (Size: 161)
[18:29:21.518] BOMBAS_DETEC: [1, 2, 7, 20] (Size: 378)
[18:29:29.275] BOMBAS_DETEC: [2, 8, 11] (Size: 501)
[18:29:38.265] BOMBAS_DETEC: [24] (Size: 161)
[18:29:39.458] BOMBAS_DETEC: [23] (Size: 161)
[18:29:41.263] BOMBAS_DETEC: [6, 9, 15, 17] (Size: 378)
[18:29:47.830] BOMBAS_DETEC: [21] (Size: 161)
[18:29:48.997] BOMBAS_DETEC: [22, 4, 8, 13, 22] (Size: 501)
[18:29:58.986] BOMBAS_DETEC: [10] (Size: 161)
[18:30:02.074] BOMBAS_DETEC: [4, 5, 9, 18] (Size: 378)
[18:30:09.431] BOMBAS_DETEC: [16] (Size: 161)
[18:30:11.044] BOMBAS_DETEC: [21] (Size: 161)
[18:30:12.192] BOMBAS_DETEC: [9, 10, 18, 20] (Size: 378)
[18:30:17.890] BOMBAS_DETEC: [21] (Size: 161)
[18:30:21.945] BOMBAS_DETEC: [2, 11, 13, 18] (Size: 378)
[18:30:29.306] BOMBAS_DETEC: [21] (Size: 161)
[18:30:30.731] BOMBAS_DETEC: [10, 16, 17, 22] (Size: 378)
[18:30:37.619] BOMBAS_DETEC: [21, 6, 20, 21, 22] (Size: 501)
[18:30:44.263] BOMBAS_DETEC: [21] (Size: 161)
[18:30:46.927] BOMBAS_DETEC: [9, 10, 16, 24] (Size: 378)
[18:30:53.249] BOMBAS_DETEC: [22] (Size: 161)
[18:30:54.911] BOMBAS_DETEC: [10, 15, 16, 21] (Size: 378)
[18:31:02.308] BOMBAS_DETEC: [23] (Size: 161)
[18:31:04.612] BOMBAS_DETEC: [15] (Size: 161)
[18:31:07.254] BOMBAS_DETEC: [3, 4, 20, 21] (Size: 378)
[18:31:13.573] BOMBAS_DETEC: [23] (Size: 161)
[18:31:15.488] BOMBAS_DETEC: [21, 10, 12, 21, 24] (Size: 501)
[18:31:28.784] BOMBAS_DETEC: [24, 8, 10, 22, 24] (Size: 501)
[18:31:34.211] BOMBAS_DETEC: [21] (Size: 161)
[18:31:35.650] BOMBAS_DETEC: [23] (Size: 161)
[18:31:38.356] BOMBAS_DETEC: [11] (Size: 161)
[18:31:40.435] BOMBAS_DETEC: [5] (Size: 161)
[18:31:43.093] BOMBAS_DETEC: [6, 13, 17] (Size: 501)
[18:31:50.320] BOMBAS_DETEC: [21] (Size: 161)
[18:31:51.626] BOMBAS_DETEC: [4, 7, 17, 18] (Size: 378)
[18:31:58.741] BOMBAS_DETEC: [4, 7, 10, 21] (Size: 378)
[18:32:17.739] BOMBAS_DETEC: [4, 7, 8, 10] (Size: 378)
[18:32:26.021] BOMBAS_DETEC: [21] (Size: 161)
[18:32:27.774] BOMBAS_DETEC: [23, 9, 18, 19, 23] (Size: 501)
[18:32:33.859] BOMBAS_DETEC: [16, 17, 18, 24] (Size: 378)
[18:32:39.882] BOMBAS_DETEC: [22] (Size: 161)
[18:32:42.322] BOMBAS_DETEC: [3, 9, 24] (Size: 501)
[18:32:48.161] BOMBAS_DETEC: [21] (Size: 161)
[18:32:49.129] BOMBAS_DETEC: [22] (Size: 161)
[18:32:50.218] BOMBAS_DETEC: [23] (Size: 161)
[18:32:51.345] BOMBAS_DETEC: [24] (Size: 161)
[18:32:53.009] BOMBAS_DETEC: [4, 15, 16] (Size: 378)
[18:33:01.908] BOMBAS_DETEC: [21] (Size: 161)
[18:33:03.373] BOMBAS_DETEC: [7, 8, 12, 13] (Size: 378)
[18:55:12.621] HUD v2.0 Injetado: https://mines.h-z-9-a.com/mines?gameMode=mines&apiUrl=api.h-z-9-a.com&currency=BRL&operator=test&jurisdiction=CW&lang=pt&return_url=https://55qq2.com/launch&user=4273537843&token=v1~3WKxmB_JuwNy66TDGd2JnWZhUbdcGhiCJpItCywpBVQVXVeV220VgVZMJhzEodX_Sw9ErbRdhCjK7KeqyW-LLaDBYA-5s&apihost=h-z-9-a.com&gid=3&tid=3022708&uid=5-sDAqVW_CDlMP0PrZtux2l2xHaF8kEIn2F-nLsm8IdQi9A4Pccuc-DMfWyum41oyehkElOa-oWdyE4FJLeUXx3vBL7ptrIt6wbYKvuC0wTvzW4bD4Fa_fNI7_GokCEDJ4aQvGAnHa-RDOey68vCRZK2cEadZFAIBA9sexrwmLnNpoxY7eMmlgkpU2OJVAxqn-YgTXYcaklSpoOvRFH-34JI-vqQ&x-tid=3022708&gdid=6675&vv=124fe7
[18:55:14.005] BOMBAS_DETEC: [0, 1, 11, 13, 17, 20, 24] (Size: 2057)
[18:55:20.897] BOMBAS_DETEC: [21] (Size: 161)
[18:55:22.649] BOMBAS_DETEC: [3, 5, 8, 20] (Size: 378)
[18:55:30.690] BOMBAS_DETEC: [24] (Size: 161)
[18:55:33.082] BOMBAS_DETEC: [1, 7, 18, 22] (Size: 378)
[18:55:40.500] BOMBAS_DETEC: [1, 4, 15, 20] (Size: 378)
[18:55:56.102] HUD v2.0 Injetado: https://mines.h-z-9-a.com/mines?gameMode=mines&apiUrl=api.h-z-9-a.com&currency=BRL&operator=test&jurisdiction=CW&lang=pt&return_url=https://55qq2.com/launch&user=4273537843&token=v1~aABbgV0DtqDbMslF5_-NuGQ0RRCVbrG8Uelc8F2uYgopAYFVnwuw12yCaFWx6oOR2uG6XRrEGLcblQq0wQqwxylbBA-5s&apihost=h-z-9-a.com&gid=3&tid=3022708&uid=5-sDAqVW_CDlMP0PrZtux2l2xHaF8kEIn2F-nLsm8IdQi9A4Pccuc-DMfWyum41oyehkElOa-oWdyE4FJLeUXx3vBL7ptrIt6wbYKvuC0wTvzW4bD4Fa_fNI7_GokCEDJ4aQvGAnHa-RDOey68vCRZK2cEadZFAIBA9sexrwmLnNpoxY7eMmlgkpU2OJVAxqn-YgTXYcaklSpoOvRFH-34JI-vqQ&x-tid=3022708&gdid=6675&vv=d30c93
[18:55:57.106] BOMBAS_DETEC: [0, 13, 15, 17, 21, 24] (Size: 2058)
[18:56:12.039] BOMBAS_DETEC: [1, 3, 9, 15] (Size: 378)
[18:56:17.431] BOMBAS_DETEC: [23] (Size: 161)
[18:56:18.676] BOMBAS_DETEC: [4, 5, 9, 13] (Size: 378)
[18:56:26.011] BOMBAS_DETEC: [1, 2, 4, 11] (Size: 378)
[18:56:31.416] BOMBAS_DETEC: [16] (Size: 161)
[18:56:32.594] BOMBAS_DETEC: [5, 21, 22, 24] (Size: 378)
[18:56:38.860] BOMBAS_DETEC: [3, 9, 18, 22] (Size: 378)
[18:56:44.426] BOMBAS_DETEC: [16] (Size: 161)
[18:56:45.838] BOMBAS_DETEC: [11, 15, 17, 21] (Size: 378)
[18:56:53.019] BOMBAS_DETEC: [3, 7, 21, 24] (Size: 378)
[18:56:58.744] BOMBAS_DETEC: [21, 1, 6, 19, 21] (Size: 501)
